2026-03-24 10:07:27,144 - aqt.main - INFO - installer 62744 aqtinstall(aqt) v3.3.0 on Python 3.12.10 [CPython MSC v.1943 64 bit (AMD64)]
2026-03-24 10:07:27,144 - aqt.helper - DEBUG - helper 62744 Attempt to download checksum at https://download.qt.io/online/qtsdkrepository/windows_x86/desktop/qt6_6102/qt6_6102/Updates.xml.sha256
2026-03-24 10:07:30,176 - aqt.helper - DEBUG - helper 62744 Attempt to download checksum at https://download.qt.io/online/qtsdkrepository/windows_x86/extensions/qtwebengine/6102/msvc2022_64/Updates.xml.sha256
2026-03-24 10:07:32,314 - aqt.archives - INFO - archives 62744 Found extension qtwebengine
2026-03-24 10:07:32,315 - aqt.helper - DEBUG - helper 62744 Attempt to download checksum at https://download.qt.io/online/qtsdkrepository/windows_x86/extensions/qtpdf/6102/msvc2022_64/Updates.xml.sha256
2026-03-24 10:07:34,357 - aqt.archives - INFO - archives 62744 Found extension qtpdf
2026-03-24 10:07:35,119 - aqt.helper - DEBUG - helper 55636 Attempt to download checksum at https://download.qt.io/online/qtsdkrepository/windows_x86/desktop/qt6_6102/qt6_6102/qt.qt6.6102.win64_msvc2022_64/6.10.2-0-202601261212qtbase-Windows-Windows_11_24H2-MSVC2022-Windows-Windows_11_24H2-X86_64.7z.sha256
2026-03-24 10:07:35,121 - aqt.helper - DEBUG - helper 29528 Attempt to download checksum at https://download.qt.io/online/qtsdkrepository/windows_x86/desktop/qt6_6102/qt6_6102/qt.qt6.6102.win64_msvc2022_64/6.10.2-0-202601261212qtsvg-Windows-Windows_11_24H2-MSVC2022-Windows-Windows_11_24H2-X86_64.7z.sha256
2026-03-24 10:07:35,126 - aqt.helper - DEBUG - helper 44160 Attempt to download checksum at https://download.qt.io/online/qtsdkrepository/windows_x86/desktop/qt6_6102/qt6_6102/qt.qt6.6102.win64_msvc2022_64/6.10.2-0-202601261212qtdeclarative-Windows-Windows_11_24H2-MSVC2022-Windows-Windows_11_24H2-X86_64.7z.sha256
2026-03-24 10:07:35,136 - aqt.helper - DEBUG - helper 40040 Attempt to download checksum at https://download.qt.io/online/qtsdkrepository/windows_x86/desktop/qt6_6102/qt6_6102/qt.qt6.6102.win64_msvc2022_64/6.10.2-0-202601261212qttools-Windows-Windows_11_24H2-MSVC2022-Windows-Windows_11_24H2-X86_64.7z.sha256
2026-03-24 10:07:36,370 - aqt.helper - INFO - helper 55636 Downloading qtbase...
2026-03-24 10:07:36,392 - aqt.helper - INFO - helper 29528 Downloading qtsvg...
2026-03-24 10:07:36,392 - aqt.helper - INFO - helper 44160 Downloading qtdeclarative...
2026-03-24 10:07:36,371 - aqt.installer - DEBUG - installer 55636 Download URL: https://download.qt.io/online/qtsdkrepository/windows_x86/desktop/qt6_6102/qt6_6102/qt.qt6.6102.win64_msvc2022_64/6.10.2-0-202601261212qtbase-Windows-Windows_11_24H2-MSVC2022-Windows-Windows_11_24H2-X86_64.7z
2026-03-24 10:07:36,392 - aqt.installer - DEBUG - installer 29528 Download URL: https://download.qt.io/online/qtsdkrepository/windows_x86/desktop/qt6_6102/qt6_6102/qt.qt6.6102.win64_msvc2022_64/6.10.2-0-202601261212qtsvg-Windows-Windows_11_24H2-MSVC2022-Windows-Windows_11_24H2-X86_64.7z
2026-03-24 10:07:36,393 - aqt.installer - DEBUG - installer 44160 Download URL: https://download.qt.io/online/qtsdkrepository/windows_x86/desktop/qt6_6102/qt6_6102/qt.qt6.6102.win64_msvc2022_64/6.10.2-0-202601261212qtdeclarative-Windows-Windows_11_24H2-MSVC2022-Windows-Windows_11_24H2-X86_64.7z
2026-03-24 10:07:36,408 - aqt.helper - INFO - helper 40040 Downloading qttools...
2026-03-24 10:07:36,408 - aqt.installer - DEBUG - installer 40040 Download URL: https://download.qt.io/online/qtsdkrepository/windows_x86/desktop/qt6_6102/qt6_6102/qt.qt6.6102.win64_msvc2022_64/6.10.2-0-202601261212qttools-Windows-Windows_11_24H2-MSVC2022-Windows-Windows_11_24H2-X86_64.7z
2026-03-24 10:07:37,573 - aqt.helper - DEBUG - helper 29528 Asked to redirect(302) to: https://ftp.jaist.ac.jp/pub/qtproject/online/qtsdkrepository/windows_x86/desktop/qt6_6102/qt6_6102/qt.qt6.6102.win64_msvc2022_64/6.10.2-0-202601261212qtsvg-Windows-Windows_11_24H2-MSVC2022-Windows-Windows_11_24H2-X86_64.7z
2026-03-24 10:07:37,574 - aqt.helper - INFO - helper 29528 Redirected: ftp.jaist.ac.jp
2026-03-24 10:07:37,575 - aqt.helper - DEBUG - helper 40040 Asked to redirect(302) to: https://ftp.jaist.ac.jp/pub/qtproject/online/qtsdkrepository/windows_x86/desktop/qt6_6102/qt6_6102/qt.qt6.6102.win64_msvc2022_64/6.10.2-0-202601261212qttools-Windows-Windows_11_24H2-MSVC2022-Windows-Windows_11_24H2-X86_64.7z
2026-03-24 10:07:37,575 - aqt.helper - INFO - helper 40040 Redirected: ftp.jaist.ac.jp
2026-03-24 10:07:37,609 - aqt.helper - DEBUG - helper 44160 Asked to redirect(302) to: https://ftp.jaist.ac.jp/pub/qtproject/online/qtsdkrepository/windows_x86/desktop/qt6_6102/qt6_6102/qt.qt6.6102.win64_msvc2022_64/6.10.2-0-202601261212qtdeclarative-Windows-Windows_11_24H2-MSVC2022-Windows-Windows_11_24H2-X86_64.7z
2026-03-24 10:07:37,610 - aqt.helper - INFO - helper 44160 Redirected: ftp.jaist.ac.jp
2026-03-24 10:07:37,615 - aqt.helper - DEBUG - helper 55636 Asked to redirect(302) to: https://ftp.jaist.ac.jp/pub/qtproject/online/qtsdkrepository/windows_x86/desktop/qt6_6102/qt6_6102/qt.qt6.6102.win64_msvc2022_64/6.10.2-0-202601261212qtbase-Windows-Windows_11_24H2-MSVC2022-Windows-Windows_11_24H2-X86_64.7z
2026-03-24 10:07:37,616 - aqt.helper - INFO - helper 55636 Redirected: ftp.jaist.ac.jp
2026-03-24 10:08:06,268 - aqt.helper - WARNING - helper 55636 Connection to 'https://download.qt.io' failed. Retrying with fallback 'https://ftp.jaist.ac.jp/pub/qtproject/'.
2026-03-24 10:08:06,269 - aqt.installer - DEBUG - installer 55636 Download URL: https://ftp.jaist.ac.jp/pub/qtproject/online/qtsdkrepository/windows_x86/desktop/qt6_6102/qt6_6102/qt.qt6.6102.win64_msvc2022_64/6.10.2-0-202601261212qtbase-Windows-Windows_11_24H2-MSVC2022-Windows-Windows_11_24H2-X86_64.7z
2026-03-24 10:08:06,268 - aqt.helper - WARNING - helper 29528 Connection to 'https://download.qt.io' failed. Retrying with fallback 'https://mirrors.ukfast.co.uk/sites/qt.io/'.
2026-03-24 10:08:06,271 - aqt.installer - DEBUG - installer 29528 Download URL: https://mirrors.ukfast.co.uk/sites/qt.io/online/qtsdkrepository/windows_x86/desktop/qt6_6102/qt6_6102/qt.qt6.6102.win64_msvc2022_64/6.10.2-0-202601261212qtsvg-Windows-Windows_11_24H2-MSVC2022-Windows-Windows_11_24H2-X86_64.7z
2026-03-24 10:08:06,300 - aqt.helper - WARNING - helper 40040 Connection to 'https://download.qt.io' failed. Retrying with fallback 'https://master.qt.io/'.
2026-03-24 10:08:06,300 - aqt.helper - WARNING - helper 44160 Connection to 'https://download.qt.io' failed. Retrying with fallback 'https://mirrors.aliyun.com/qt/'.
2026-03-24 10:08:06,301 - aqt.installer - DEBUG - installer 40040 Download URL: https://master.qt.io/online/qtsdkrepository/windows_x86/desktop/qt6_6102/qt6_6102/qt.qt6.6102.win64_msvc2022_64/6.10.2-0-202601261212qttools-Windows-Windows_11_24H2-MSVC2022-Windows-Windows_11_24H2-X86_64.7z
2026-03-24 10:08:06,301 - aqt.installer - DEBUG - installer 44160 Download URL: https://mirrors.aliyun.com/qt/online/qtsdkrepository/windows_x86/desktop/qt6_6102/qt6_6102/qt.qt6.6102.win64_msvc2022_64/6.10.2-0-202601261212qtdeclarative-Windows-Windows_11_24H2-MSVC2022-Windows-Windows_11_24H2-X86_64.7z
2026-03-24 10:08:08,649 - aqt.installer - INFO - installer 29528 Finished installation of qtsvg-Windows-Windows_11_24H2-MSVC2022-Windows-Windows_11_24H2-X86_64.7z in 33.52988790
2026-03-24 10:08:08,662 - aqt.helper - DEBUG - helper 29528 Attempt to download checksum at https://download.qt.io/online/qtsdkrepository/windows_x86/desktop/qt6_6102/qt6_6102/qt.qt6.6102.win64_msvc2022_64/6.10.2-0-202601261212qttranslations-Windows-Windows_11_24H2-MSVC2022-Windows-Windows_11_24H2-X86_64.7z.sha256
2026-03-24 10:08:09,967 - aqt.helper - INFO - helper 29528 Downloading qttranslations...
2026-03-24 10:08:09,968 - aqt.installer - DEBUG - installer 29528 Download URL: https://download.qt.io/online/qtsdkrepository/windows_x86/desktop/qt6_6102/qt6_6102/qt.qt6.6102.win64_msvc2022_64/6.10.2-0-202601261212qttranslations-Windows-Windows_11_24H2-MSVC2022-Windows-Windows_11_24H2-X86_64.7z
2026-03-24 10:08:12,403 - aqt.helper - DEBUG - helper 29528 Asked to redirect(302) to: https://ftp.jaist.ac.jp/pub/qtproject/online/qtsdkrepository/windows_x86/desktop/qt6_6102/qt6_6102/qt.qt6.6102.win64_msvc2022_64/6.10.2-0-202601261212qttranslations-Windows-Windows_11_24H2-MSVC2022-Windows-Windows_11_24H2-X86_64.7z
2026-03-24 10:08:12,404 - aqt.helper - INFO - helper 29528 Redirected: ftp.jaist.ac.jp
2026-03-24 10:08:35,389 - aqt.helper - DEBUG - helper 55636 Attempt to download checksum at https://download.qt.io/online/qtsdkrepository/windows_x86/desktop/qt6_6102/qt6_6102/qt.qt6.6102.win64_msvc2022_64/6.10.2-0-202601261212d3dcompiler_47-x64.7z.sha256
2026-03-24 10:08:37,217 - aqt.helper - INFO - helper 55636 Downloading d3dcompiler_47...
2026-03-24 10:08:37,217 - aqt.installer - DEBUG - installer 55636 Download URL: https://download.qt.io/online/qtsdkrepository/windows_x86/desktop/qt6_6102/qt6_6102/qt.qt6.6102.win64_msvc2022_64/6.10.2-0-202601261212d3dcompiler_47-x64.7z
2026-03-24 10:08:38,403 - aqt.helper - DEBUG - helper 55636 Asked to redirect(302) to: https://ftp.jaist.ac.jp/pub/qtproject/online/qtsdkrepository/windows_x86/desktop/qt6_6102/qt6_6102/qt.qt6.6102.win64_msvc2022_64/6.10.2-0-202601261212d3dcompiler_47-x64.7z
2026-03-24 10:08:38,403 - aqt.helper - INFO - helper 55636 Redirected: ftp.jaist.ac.jp
2026-03-24 10:08:41,994 - aqt.helper - WARNING - helper 29528 Connection to 'https://download.qt.io' failed. Retrying with fallback 'https://mirrors.aliyun.com/qt/'.
2026-03-24 10:08:41,994 - aqt.installer - DEBUG - installer 29528 Download URL: https://mirrors.aliyun.com/qt/online/qtsdkrepository/windows_x86/desktop/qt6_6102/qt6_6102/qt.qt6.6102.win64_msvc2022_64/6.10.2-0-202601261212qttranslations-Windows-Windows_11_24H2-MSVC2022-Windows-Windows_11_24H2-X86_64.7z
2026-03-24 10:08:46,207 - aqt.installer - INFO - installer 29528 Finished installation of qttranslations-Windows-Windows_11_24H2-MSVC2022-Windows-Windows_11_24H2-X86_64.7z in 37.54765170
2026-03-24 10:08:46,222 - aqt.helper - DEBUG - helper 29528 Attempt to download checksum at https://download.qt.io/online/qtsdkrepository/windows_x86/desktop/qt6_6102/qt6_6102/qt.qt6.6102.win64_msvc2022_64/6.10.2-0-202601261212opengl32sw-64-mesa_11_2_2-signed_sha256.7z.sha256
2026-03-24 10:08:47,363 - aqt.helper - INFO - helper 29528 Downloading opengl32sw...
2026-03-24 10:08:47,363 - aqt.installer - DEBUG - installer 29528 Download URL: https://download.qt.io/online/qtsdkrepository/windows_x86/desktop/qt6_6102/qt6_6102/qt.qt6.6102.win64_msvc2022_64/6.10.2-0-202601261212opengl32sw-64-mesa_11_2_2-signed_sha256.7z
2026-03-24 10:08:48,496 - aqt.helper - DEBUG - helper 29528 Asked to redirect(302) to: https://ftp.jaist.ac.jp/pub/qtproject/online/qtsdkrepository/windows_x86/desktop/qt6_6102/qt6_6102/qt.qt6.6102.win64_msvc2022_64/6.10.2-0-202601261212opengl32sw-64-mesa_11_2_2-signed_sha256.7z
2026-03-24 10:08:48,496 - aqt.helper - INFO - helper 29528 Redirected: ftp.jaist.ac.jp
2026-03-24 10:08:51,138 - aqt.installer - INFO - installer 40040 Finished installation of qttools-Windows-Windows_11_24H2-MSVC2022-Windows-Windows_11_24H2-X86_64.7z in 76.00418800
2026-03-24 10:08:51,156 - aqt.helper - DEBUG - helper 40040 Attempt to download checksum at https://download.qt.io/online/qtsdkrepository/windows_x86/extensions/qtwebengine/6102/msvc2022_64/extensions.qtwebengine.6102.win64_msvc2022_64/6.10.2-0-202601261211qtwebengine-Windows-Windows_11_24H2-MSVC2022-Windows-Windows_11_24H2-X86_64.7z.sha256
2026-03-24 10:08:53,754 - aqt.helper - INFO - helper 40040 Downloading qtwebengine...
2026-03-24 10:08:53,755 - aqt.installer - DEBUG - installer 40040 Download URL: https://download.qt.io/online/qtsdkrepository/windows_x86/extensions/qtwebengine/6102/msvc2022_64/extensions.qtwebengine.6102.win64_msvc2022_64/6.10.2-0-202601261211qtwebengine-Windows-Windows_11_24H2-MSVC2022-Windows-Windows_11_24H2-X86_64.7z
2026-03-24 10:08:55,049 - aqt.helper - DEBUG - helper 40040 Asked to redirect(302) to: https://ftp.jaist.ac.jp/pub/qtproject/online/qtsdkrepository/windows_x86/extensions/qtwebengine/6102/msvc2022_64/extensions.qtwebengine.6102.win64_msvc2022_64/6.10.2-0-202601261211qtwebengine-Windows-Windows_11_24H2-MSVC2022-Windows-Windows_11_24H2-X86_64.7z
2026-03-24 10:08:55,049 - aqt.helper - INFO - helper 40040 Redirected: ftp.jaist.ac.jp
2026-03-24 10:09:07,395 - aqt.helper - WARNING - helper 55636 Connection to 'https://download.qt.io' failed. Retrying with fallback 'https://qt.mirror.constant.com/'.
2026-03-24 10:09:07,395 - aqt.installer - DEBUG - installer 55636 Download URL: https://qt.mirror.constant.com/online/qtsdkrepository/windows_x86/desktop/qt6_6102/qt6_6102/qt.qt6.6102.win64_msvc2022_64/6.10.2-0-202601261212d3dcompiler_47-x64.7z
2026-03-24 10:09:11,478 - aqt.installer - INFO - installer 55636 Finished installation of d3dcompiler_47-x64.7z in 36.09081050
2026-03-24 10:09:16,627 - aqt.helper - WARNING - helper 29528 Connection to 'https://download.qt.io' failed. Retrying with fallback 'https://ftp.fau.de/qtproject/'.
2026-03-24 10:09:16,627 - aqt.installer - DEBUG - installer 29528 Download URL: https://ftp.fau.de/qtproject/online/qtsdkrepository/windows_x86/desktop/qt6_6102/qt6_6102/qt.qt6.6102.win64_msvc2022_64/6.10.2-0-202601261212opengl32sw-64-mesa_11_2_2-signed_sha256.7z
2026-03-24 10:09:20,190 - aqt.installer - INFO - installer 29528 Finished installation of opengl32sw-64-mesa_11_2_2-signed_sha256.7z in 33.97100380
2026-03-24 10:09:22,843 - aqt.helper - WARNING - helper 40040 Connection to 'https://download.qt.io' failed. Retrying with fallback 'https://mirrors.ustc.edu.cn/qtproject/'.
2026-03-24 10:09:22,843 - aqt.installer - DEBUG - installer 40040 Download URL: https://mirrors.ustc.edu.cn/qtproject/online/qtsdkrepository/windows_x86/extensions/qtwebengine/6102/msvc2022_64/extensions.qtwebengine.6102.win64_msvc2022_64/6.10.2-0-202601261211qtwebengine-Windows-Windows_11_24H2-MSVC2022-Windows-Windows_11_24H2-X86_64.7z
2026-03-24 10:09:25,478 - aqt.helper - INFO - helper 40040 Downloading qtwebengine: attempt #2...
2026-03-24 10:09:25,478 - aqt.installer - DEBUG - installer 40040 Download URL: https://download.qt.io/online/qtsdkrepository/windows_x86/extensions/qtwebengine/6102/msvc2022_64/extensions.qtwebengine.6102.win64_msvc2022_64/6.10.2-0-202601261211qtwebengine-Windows-Windows_11_24H2-MSVC2022-Windows-Windows_11_24H2-X86_64.7z
2026-03-24 10:09:26,476 - aqt.helper - DEBUG - helper 40040 Asked to redirect(302) to: https://ftp.jaist.ac.jp/pub/qtproject/online/qtsdkrepository/windows_x86/extensions/qtwebengine/6102/msvc2022_64/extensions.qtwebengine.6102.win64_msvc2022_64/6.10.2-0-202601261211qtwebengine-Windows-Windows_11_24H2-MSVC2022-Windows-Windows_11_24H2-X86_64.7z
2026-03-24 10:09:26,476 - aqt.helper - INFO - helper 40040 Redirected: ftp.jaist.ac.jp
2026-03-24 10:09:36,795 - aqt.installer - INFO - installer 44160 Finished installation of qtdeclarative-Windows-Windows_11_24H2-MSVC2022-Windows-Windows_11_24H2-X86_64.7z in 121.67094340
2026-03-24 10:11:44,891 - aqt.helper - WARNING - helper 40040 Connection to 'https://download.qt.io' failed. Retrying with fallback 'https://master.qt.io/'.
2026-03-24 10:11:44,892 - aqt.installer - DEBUG - installer 40040 Download URL: https://master.qt.io/online/qtsdkrepository/windows_x86/extensions/qtwebengine/6102/msvc2022_64/extensions.qtwebengine.6102.win64_msvc2022_64/6.10.2-0-202601261211qtwebengine-Windows-Windows_11_24H2-MSVC2022-Windows-Windows_11_24H2-X86_64.7z
2026-03-24 10:12:14,128 - aqt.helper - INFO - helper 40040 Success on attempt #2: Downloading qtwebengine
2026-03-24 10:12:34,235 - aqt.installer - INFO - installer 40040 Finished installation of qtwebengine-Windows-Windows_11_24H2-MSVC2022-Windows-Windows_11_24H2-X86_64.7z in 223.08270080
2026-03-24 10:12:34,246 - aqt.installer - WARNING - installer 62744 Caught ArchiveConnectionError, terminating installer workers
2026-03-24 10:12:34,259 - aqt.main - ERROR - installer 62744 Connection error: (MaxRetryError('HTTPSConnectionPool(host=\'ftp.jaist.ac.jp\', port=443): Max retries exceeded with url: /pub/qtproject/online/qtsdkrepository/windows_x86/desktop/qt6_6102/qt6_6102/qt.qt6.6102.win64_msvc2022_64/6.10.2-0-202601261212qtbase-Windows-Windows_11_24H2-MSVC2022-Windows-Windows_11_24H2-X86_64.7z (Caused by ReadTimeoutError("HTTPSConnectionPool(host=\'ftp.jaist.ac.jp\', port=443): Read timed out. (read timeout=3.5)"))'),)
