=== native sidecar 8N.3 starting ===
PortAudio: default output device: Speakers (Realtek(R) Audio) (0.090s latency)
State: INIT -> READY
TIMING open start sid=35fda2cf-0ea3-41fe-83c5-1df26a2b1e70 target=0.000s
[mov,mp4,m4a,3gp,3g2,mj2 @ 0000028532168840] Unknown cover type: 0x1.
Probe ok: 1920x1080 codec=h264 dur=979.0s tracks=a1 s0
SubtitleRenderer: render thread started
SubtitleRenderer: render thread running (tid=0000000000000005)
AVSYNC_DIAG open_audio_start +0ms
AVSYNC_DIAG audio_thread_start +0ms path=C:\Users\Suprabha\Desktop\Media\TV\Sports\RGS 119.mp4 start=0.000s
[mov,mp4,m4a,3gp,3g2,mj2 @ 000002853216dcc0] Unknown cover type: 0x1.
AVSYNC_DIAG audio_open_input_done +23ms
AudioDecoder: codec=aac sample_rate=44100 channels=2
AVSYNC_DIAG open_audio_wait_done +512ms clock_started=0
AVSYNC_DIAG open_video_start +513ms
VideoDecoder: starting decode path=C:\Users\Suprabha\Desktop\Media\TV\Sports\RGS 119.mp4 start=0.000s stream=0
[mov,mp4,m4a,3gp,3g2,mj2 @ 00000285329bbbc0] Unknown cover type: 0x1.
VideoDecoder: D3D11VA hw accel enabled
D3D11Presenter: initialized 1920x1080 nt_handle=0000000000000608
VideoDecoder: D3D11 Holy Grail presenter ready (1920x1080 handle=0000000000000608)
VideoDecoder: codec=h264 1920x1080 pix_fmt=yuv420p
VideoDecoder: hw format not offered, falling back to sw
[h264 @ 0000028534f7c540] Invalid setup for format vulkan: does not match the type of the provided device context.
VideoDecoder: hw format not offered, falling back to sw
[h264 @ 0000028534f7c540] Invalid setup for format cuda: does not match the type of the provided device context.
VideoDecoder: hw format not offered, falling back to sw
[h264 @ 0000028534f7c540] Invalid setup for format dxva2_vld: does not match the type of the provided device context.
VideoDecoder: hw format not offered, falling back to sw
[h264 @ 0000028534f7c540] Invalid pixfmt for hwaccel!
[h264 @ 0000028534f7c540] Failed setup for format d3d11va_vld: hwaccel initialisation returned error.
VideoDecoder: hw format not offered, falling back to sw
HOLY_GRAIL: first frame copied to shared texture (slice=28)
VideoDecoder: BGRA buffer (re)allocated 1920x1080
AVSYNC_DIAG video_waiting_for_clock pts=0.000s
AVSYNC_DIAG audio_pa_open_done +916ms
AVSYNC_DIAG audio_pa_start_done +917ms
AudioDecoder: PortAudio stream opened (rate=44100 ch=2 suggested=0.300s actual=0.325s)
AVSYNC_DIAG audio_ready_signal +919ms
AVSYNC_DIAG audio_first_pa_write +919ms pts=0.000s
AVSYNC_DIAG audio_first_pa_write_returned +969ms
TIMING first video frame fid=1
HOLY_GRAIL: emitting d3d11_texture event: 1544:1920:1080
HOLY_GRAIL: texture event emitted handle=1544 1920x1080
VideoDecoder: first frame 1920x1080 pts=0us fid=1
VideoDecoder: dropped late frame pts=19.800s clock=19.863s behind=63ms (total=1)
VideoDecoder: dropped late frame pts=19.820s clock=19.865s behind=45ms (total=2)
AudioDecoder: thread exiting
VideoDecoder: thread exiting (wrote 992 frames, dropped 2 hw=yes)
SubtitleRenderer: render thread exiting
stdin closed -- exiting
=== native sidecar 8N.3 starting ===
PortAudio: default output device: Speakers (Realtek(R) Audio) (0.090s latency)
State: INIT -> READY
stdin closed -- exiting
=== native sidecar 8N.3 starting ===
PortAudio: default output device: Speakers (Realtek(R) Audio) (0.090s latency)
State: INIT -> READY
stdin closed -- exiting
=== native sidecar 8N.3 starting ===
PortAudio: default output device: Speakers (Realtek(R) Audio) (0.090s latency)
State: INIT -> READY
TIMING open start sid=test123 target=0.000s
Probe ok: 1920x998 codec=h264 dur=117.2s tracks=a1 s0
SubtitleRenderer: render thread started
AVSYNC_DIAG open_audio_start +0ms
SubtitleRenderer: render thread running (tid=0000000000000005)
AVSYNC_DIAG audio_thread_start +0ms path=C:/Users/Suprabha/Desktop/Recording 2026-03-23 202702.mp4 start=0.000s
AVSYNC_DIAG audio_open_input_done +3ms
AudioDecoder: codec=aac sample_rate=48000 channels=2
AVSYNC_DIAG audio_pa_open_done +337ms
AVSYNC_DIAG audio_pa_start_done +338ms
AudioDecoder: PortAudio stream opened (rate=48000 ch=2 suggested=0.300s actual=0.320s)
AVSYNC_DIAG audio_ready_signal +339ms
AVSYNC_DIAG audio_first_pa_write +340ms pts=0.000s
AVSYNC_DIAG audio_first_pa_write_returned +411ms
AVSYNC_DIAG open_audio_wait_done +417ms clock_started=1
AVSYNC_DIAG open_video_start +417ms
VideoDecoder: starting decode path=C:/Users/Suprabha/Desktop/Recording 2026-03-23 202702.mp4 start=0.000s stream=0
VideoDecoder: D3D11VA hw accel enabled
D3D11Presenter: initialized 1920x998 nt_handle=000000000000067c
VideoDecoder: D3D11 Holy Grail presenter ready (1920x998 handle=000000000000067c)
VideoDecoder: codec=h264 1920x998 pix_fmt=yuv420p
VideoDecoder: hw format not offered, falling back to sw
[h264 @ 0000025e194d94c0] Invalid setup for format vulkan: does not match the type of the provided device context.
VideoDecoder: hw format not offered, falling back to sw
[h264 @ 0000025e194d94c0] Invalid setup for format cuda: does not match the type of the provided device context.
VideoDecoder: hw format not offered, falling back to sw
[h264 @ 0000025e194d94c0] Invalid setup for format dxva2_vld: does not match the type of the provided device context.
VideoDecoder: hw format not offered, falling back to sw
[h264 @ 0000025e194d94c0] Invalid pixfmt for hwaccel!
[h264 @ 0000025e194d94c0] Failed setup for format d3d11va_vld: hwaccel initialisation returned error.
VideoDecoder: hw format not offered, falling back to sw
HOLY_GRAIL: first frame copied to shared texture (slice=28)
VideoDecoder: BGRA buffer (re)allocated 1920x998
AVSYNC_DIAG first_frame_audio_seek video=0.000s audio_clock=0.418s drift=418ms
TIMING first video frame fid=1
HOLY_GRAIL: emitting d3d11_texture event: 1660:1920:998
HOLY_GRAIL: texture event emitted handle=1660 1920x998
VideoDecoder: first frame 1920x998 pts=0us fid=1
VideoDecoder: dropped late frame pts=0.033s clock=0.423s behind=390ms (total=1)
VideoDecoder: dropped late frame pts=0.067s clock=0.424s behind=358ms (total=2)
VideoDecoder: dropped late frame pts=0.100s clock=0.426s behind=326ms (total=3)
VideoDecoder: dropped late frame pts=0.133s clock=0.427s behind=294ms (total=4)
VideoDecoder: dropped late frame pts=0.167s clock=0.428s behind=262ms (total=5)
AudioDecoder: seeked to 0.000s
AudioDecoder: thread exiting
VideoDecoder: thread exiting (wrote 7 frames, dropped 11 hw=yes)
SubtitleRenderer: render thread exiting
stdin closed -- exiting
=== native sidecar 8N.3 starting ===
PortAudio: default output device: Speakers (Realtek(R) Audio) (0.090s latency)
State: INIT -> READY
TIMING open start sid=f3902ce8-a6f8-4378-b39f-da0428759a5d target=0.000s
Probe ok: 1920x1080 codec=h264 dur=460.7s tracks=a1 s0
SubtitleRenderer: render thread started
SubtitleRenderer: render thread running (tid=0000000000000005)
AVSYNC_DIAG open_audio_start +0ms
AVSYNC_DIAG audio_thread_start +0ms path=C:\Users\Suprabha\Desktop\Media\TV\Sports\Virat Kohli 73(54) Vs PBKS 2025 IPL Ball By Ball.mp4 start=0.000s
AVSYNC_DIAG audio_open_input_done +6ms
AudioDecoder: codec=aac sample_rate=44100 channels=2
AVSYNC_DIAG open_audio_wait_done +512ms clock_started=0
AVSYNC_DIAG open_video_start +513ms
VideoDecoder: starting decode path=C:\Users\Suprabha\Desktop\Media\TV\Sports\Virat Kohli 73(54) Vs PBKS 2025 IPL Ball By Ball.mp4 start=0.000s stream=0
VideoDecoder: D3D11VA hw accel enabled
D3D11Presenter: initialized 1920x1080 nt_handle=0000000000000654
VideoDecoder: D3D11 Holy Grail presenter ready (1920x1080 handle=0000000000000654)
VideoDecoder: codec=h264 1920x1080 pix_fmt=yuv420p
VideoDecoder: hw format not offered, falling back to sw
[h264 @ 0000021eef1664c0] Invalid setup for format vulkan: does not match the type of the provided device context.
VideoDecoder: hw format not offered, falling back to sw
[h264 @ 0000021eef1664c0] Invalid setup for format cuda: does not match the type of the provided device context.
VideoDecoder: hw format not offered, falling back to sw
[h264 @ 0000021eef1664c0] Invalid setup for format dxva2_vld: does not match the type of the provided device context.
VideoDecoder: hw format not offered, falling back to sw
[h264 @ 0000021eef1664c0] Invalid pixfmt for hwaccel!
[h264 @ 0000021eef1664c0] Failed setup for format d3d11va_vld: hwaccel initialisation returned error.
VideoDecoder: hw format not offered, falling back to sw
HOLY_GRAIL: first frame copied to shared texture (slice=28)
VideoDecoder: BGRA buffer (re)allocated 1920x1080
AVSYNC_DIAG video_waiting_for_clock pts=0.000s
AVSYNC_DIAG audio_pa_open_done +805ms
AVSYNC_DIAG audio_pa_start_done +805ms
AudioDecoder: PortAudio stream opened (rate=44100 ch=2 suggested=0.300s actual=0.325s)
AVSYNC_DIAG audio_ready_signal +807ms
AVSYNC_DIAG audio_first_pa_write +810ms pts=0.000s
AVSYNC_DIAG audio_first_pa_write_returned +857ms
TIMING first video frame fid=1
HOLY_GRAIL: emitting d3d11_texture event: 1620:1920:1080
HOLY_GRAIL: texture event emitted handle=1620 1920x1080
VideoDecoder: first frame 1920x1080 pts=0us fid=1
AudioDecoder: thread exiting
VideoDecoder: thread exiting (wrote 1195 frames, dropped 0 hw=yes)
SubtitleRenderer: render thread exiting
TIMING open start sid=49638363-30f5-4b6d-9911-e11604cb7f6b target=0.000s
[mov,mp4,m4a,3gp,3g2,mj2 @ 0000021eece2b8c0] Unknown cover type: 0x1.
Probe ok: 1920x1080 codec=h264 dur=954.7s tracks=a1 s0
SubtitleRenderer: render thread started
AVSYNC_DIAG open_audio_start +0ms
SubtitleRenderer: render thread running (tid=000000000000000d)
AVSYNC_DIAG audio_thread_start +0ms path=C:\Users\Suprabha\Desktop\Media\TV\Sports\Shubman_Gill_121_133_vs_Bangladesh_Super_4_Asia_Cup_2023_,_Colombo.mp4 start=0.000s
[mov,mp4,m4a,3gp,3g2,mj2 @ 0000021eece2b8c0] Unknown cover type: 0x1.
AVSYNC_DIAG audio_open_input_done +24ms
AudioDecoder: codec=aac sample_rate=44100 channels=2
AVSYNC_DIAG open_audio_wait_done +503ms clock_started=0
AVSYNC_DIAG open_video_start +503ms
VideoDecoder: starting decode path=C:\Users\Suprabha\Desktop\Media\TV\Sports\Shubman_Gill_121_133_vs_Bangladesh_Super_4_Asia_Cup_2023_,_Colombo.mp4 start=0.000s stream=0
[mov,mp4,m4a,3gp,3g2,mj2 @ 0000021eecc29c00] Unknown cover type: 0x1.
AVSYNC_DIAG audio_pa_open_done +525ms
AVSYNC_DIAG audio_pa_start_done +526ms
AudioDecoder: PortAudio stream opened (rate=44100 ch=2 suggested=0.300s actual=0.325s)
AVSYNC_DIAG audio_ready_signal +528ms
AVSYNC_DIAG audio_first_pa_write +530ms pts=0.000s
AVSYNC_DIAG audio_first_pa_write_returned +584ms
VideoDecoder: D3D11VA hw accel enabled
D3D11Presenter: initialized 1920x1080 nt_handle=0000000000000790
VideoDecoder: D3D11 Holy Grail presenter ready (1920x1080 handle=0000000000000790)
VideoDecoder: codec=h264 1920x1080 pix_fmt=yuv420p
VideoDecoder: hw format not offered, falling back to sw
[h264 @ 0000021eef5315c0] Invalid setup for format vulkan: does not match the type of the provided device context.
VideoDecoder: hw format not offered, falling back to sw
[h264 @ 0000021eef5315c0] Invalid setup for format cuda: does not match the type of the provided device context.
VideoDecoder: hw format not offered, falling back to sw
[h264 @ 0000021eef5315c0] Invalid setup for format dxva2_vld: does not match the type of the provided device context.
VideoDecoder: hw format not offered, falling back to sw
[h264 @ 0000021eef5315c0] Invalid pixfmt for hwaccel!
[h264 @ 0000021eef5315c0] Failed setup for format d3d11va_vld: hwaccel initialisation returned error.
VideoDecoder: hw format not offered, falling back to sw
HOLY_GRAIL: first frame copied to shared texture (slice=28)
VideoDecoder: BGRA buffer (re)allocated 1920x1080
AVSYNC_DIAG first_frame_audio_seek video=0.000s audio_clock=0.122s drift=122ms
TIMING first video frame fid=1
AudioDecoder: seeked to 0.000s
HOLY_GRAIL: emitting d3d11_texture event: 1936:1920:1080
HOLY_GRAIL: texture event emitted handle=1936 1920x1080
VideoDecoder: first frame 1920x1080 pts=0us fid=1
VideoDecoder: dropped late frame pts=32.140s clock=32.198s behind=58ms (total=1)
VideoDecoder: dropped late frame pts=32.200s clock=32.254s behind=54ms (total=2)
VideoDecoder: dropped late frame pts=32.280s clock=32.331s behind=51ms (total=3)
VideoDecoder: dropped late frame pts=32.420s clock=32.497s behind=77ms (total=4)
VideoDecoder: dropped late frame pts=32.440s clock=32.500s behind=60ms (total=5)
VideoDecoder: dropped late frame pts=73.600s clock=73.656s behind=56ms (total=30)
AudioDecoder: thread exiting
VideoDecoder: thread exiting (wrote 6263 frames, dropped 38 hw=yes)
SubtitleRenderer: render thread exiting
stdin closed -- exiting
=== native sidecar 8N.3 starting ===
PortAudio: default output device: Speakers (Realtek(R) Audio) (0.090s latency)
State: INIT -> READY
TIMING open start sid=c1171dd2-caf1-4fd9-b7d0-3417295ea331 target=0.000s
[mov,mp4,m4a,3gp,3g2,mj2 @ 0000017475aebd00] Unknown cover type: 0x1.
Probe ok: 1920x1080 codec=h264 dur=954.7s tracks=a1 s0
SubtitleRenderer: render thread started
AVSYNC_DIAG open_audio_start +0ms
SubtitleRenderer: render thread running (tid=0000000000000005)
AVSYNC_DIAG audio_thread_start +0ms path=C:\Users\Suprabha\Desktop\Media\TV\Sports\Shubman_Gill_121_133_vs_Bangladesh_Super_4_Asia_Cup_2023_,_Colombo.mp4 start=0.000s
[mov,mp4,m4a,3gp,3g2,mj2 @ 0000017475b10600] Unknown cover type: 0x1.
AVSYNC_DIAG audio_open_input_done +22ms
AudioDecoder: codec=aac sample_rate=44100 channels=2
AVSYNC_DIAG open_audio_wait_done +537ms clock_started=0
AVSYNC_DIAG open_video_start +538ms
VideoDecoder: starting decode path=C:\Users\Suprabha\Desktop\Media\TV\Sports\Shubman_Gill_121_133_vs_Bangladesh_Super_4_Asia_Cup_2023_,_Colombo.mp4 start=0.000s stream=0
[mov,mp4,m4a,3gp,3g2,mj2 @ 0000017475b3ee40] Unknown cover type: 0x1.
VideoDecoder: D3D11VA hw accel enabled
D3D11Presenter: initialized 1920x1080 nt_handle=0000000000000604
VideoDecoder: D3D11 Holy Grail presenter ready (1920x1080 handle=0000000000000604)
VideoDecoder: codec=h264 1920x1080 pix_fmt=yuv420p
VideoDecoder: hw format not offered, falling back to sw
[h264 @ 0000017477d87800] Invalid setup for format vulkan: does not match the type of the provided device context.
VideoDecoder: hw format not offered, falling back to sw
[h264 @ 0000017477d87800] Invalid setup for format cuda: does not match the type of the provided device context.
VideoDecoder: hw format not offered, falling back to sw
[h264 @ 0000017477d87800] Invalid setup for format dxva2_vld: does not match the type of the provided device context.
VideoDecoder: hw format not offered, falling back to sw
[h264 @ 0000017477d87800] Invalid pixfmt for hwaccel!
[h264 @ 0000017477d87800] Failed setup for format d3d11va_vld: hwaccel initialisation returned error.
VideoDecoder: hw format not offered, falling back to sw
HOLY_GRAIL: first frame copied to shared texture (slice=28)
VideoDecoder: BGRA buffer (re)allocated 1920x1080
AVSYNC_DIAG video_waiting_for_clock pts=0.000s
AVSYNC_DIAG audio_pa_open_done +1531ms
AVSYNC_DIAG audio_pa_start_done +1532ms
AudioDecoder: PortAudio stream opened (rate=44100 ch=2 suggested=0.300s actual=0.325s)
AVSYNC_DIAG audio_ready_signal +1533ms
AVSYNC_DIAG audio_first_pa_write +1534ms pts=0.000s
AVSYNC_DIAG audio_first_pa_write_returned +1599ms
TIMING first video frame fid=1
HOLY_GRAIL: emitting d3d11_texture event: 1540:1920:1080
HOLY_GRAIL: texture event emitted handle=1540 1920x1080
VideoDecoder: first frame 1920x1080 pts=0us fid=1
VideoDecoder: dropped late frame pts=2.180s clock=2.224s behind=44ms (total=1)
VideoDecoder: dropped late frame pts=2.780s clock=2.830s behind=50ms (total=2)
VideoDecoder: dropped late frame pts=3.400s clock=3.443s behind=43ms (total=3)
VideoDecoder: dropped late frame pts=4.480s clock=4.533s behind=53ms (total=4)
VideoDecoder: dropped late frame pts=4.860s clock=4.903s behind=43ms (total=5)
VideoDecoder: dropped late frame pts=11.860s clock=11.909s behind=49ms (total=30)
VideoDecoder: dropped late frame pts=16.240s clock=16.293s behind=53ms (total=60)
VideoDecoder: dropped late frame pts=22.220s clock=22.268s behind=48ms (total=90)
VideoDecoder: dropped late frame pts=30.320s clock=30.364s behind=44ms (total=120)
VideoDecoder: dropped late frame pts=37.600s clock=37.661s behind=61ms (total=150)
VideoDecoder: dropped late frame pts=40.980s clock=41.023s behind=43ms (total=180)
VideoDecoder: dropped late frame pts=49.180s clock=49.223s behind=43ms (total=210)
VideoDecoder: dropped late frame pts=66.840s clock=66.887s behind=47ms (total=240)
VideoDecoder: dropped late frame pts=76.400s clock=76.442s behind=42ms (total=270)
VideoDecoder: dropped late frame pts=81.940s clock=81.996s behind=56ms (total=300)
VideoDecoder: dropped late frame pts=83.220s clock=83.284s behind=64ms (total=330)
VideoDecoder: dropped late frame pts=88.460s clock=88.503s behind=43ms (total=360)
VideoDecoder: dropped late frame pts=93.620s clock=93.665s behind=45ms (total=390)
VideoDecoder: dropped late frame pts=96.180s clock=96.253s behind=73ms (total=420)
VideoDecoder: dropped late frame pts=101.900s clock=101.947s behind=47ms (total=450)
VideoDecoder: dropped late frame pts=106.700s clock=106.763s behind=63ms (total=480)
VideoDecoder: dropped late frame pts=111.100s clock=111.151s behind=51ms (total=510)
VideoDecoder: dropped late frame pts=120.740s clock=120.788s behind=48ms (total=540)
VideoDecoder: dropped late frame pts=166.080s clock=166.131s behind=51ms (total=570)
VideoDecoder: dropped late frame pts=172.000s clock=172.052s behind=52ms (total=600)
VideoDecoder: dropped late frame pts=179.240s clock=179.287s behind=47ms (total=630)
VideoDecoder: dropped late frame pts=185.760s clock=185.804s behind=44ms (total=660)
VideoDecoder: dropped late frame pts=191.500s clock=191.545s behind=45ms (total=690)
VideoDecoder: dropped late frame pts=195.680s clock=195.740s behind=60ms (total=720)
VideoDecoder: dropped late frame pts=204.220s clock=204.275s behind=55ms (total=750)
VideoDecoder: dropped late frame pts=208.960s clock=209.013s behind=53ms (total=780)
VideoDecoder: dropped late frame pts=214.020s clock=214.063s behind=43ms (total=810)
VideoDecoder: dropped late frame pts=221.240s clock=221.289s behind=49ms (total=840)
